<?xml version="1.0" encoding="UTF-8"?>
<!-- Generated by org.testng.reporters.JUnitXMLReporter -->
<testsuite hostname="Anikets-MacBook-Pro.local" name="Command line test" tests="1" failures="1" timestamp="1 Mar 2019 12:24:02 GMT" time="3.519" errors="0">
  <testcase name="feature" time="3.067" classname="runner.TestRunner">
    <failure type="cucumber.runtime.CucumberException" message="org.junit.ComparisonFailure: expected:&amp;lt;Bhargav Abhijeet[]Bhupatkar&amp;gt; but was:&amp;lt;Bhargav Abhijeet[ ]Bhupatkar&amp;gt;">
      <![CDATA[cucumber.runtime.CucumberException: org.junit.ComparisonFailure: expected:<Bhargav Abhijeet[]Bhupatkar> but was:<Bhargav Abhijeet[ ]Bhupatkar>
	at cucumber.api.testng.TestNGCucumberRunner.runCucumber(TestNGCucumberRunner.java:69)
	at cucumber.api.testng.AbstractTestNGCucumberTests.feature(AbstractTestNGCucumberTests.java:21)
Caused by: org.junit.ComparisonFailure: expected:<Bhargav Abhijeet[]Bhupatkar> but was:<Bhargav Abhijeet[ ]Bhupatkar>
	at org.junit.Assert.assertEquals(Assert.java:115)
	at org.junit.Assert.assertEquals(Assert.java:144)
	at stepDefinition.StepDefinition.full_Name_is_displayed(StepDefinition.java:90)
	at âœ½.Then full Name is displayed(Feature/MyFeature.feature:25)
... Removed 33 stack frames]]>
    </failure>
  </testcase> <!-- feature -->
</testsuite> <!-- Command line test -->
